\BOOKMARK [1][-]{section.1}{Introduction}{}% 1
\BOOKMARK [1][-]{section.2}{FTP Client}{}% 2
\BOOKMARK [2][-]{subsection.2.1}{Architecture of the download application}{section.2}% 3
\BOOKMARK [3][-]{subsubsection.2.1.1}{The URL Parsing Module}{subsection.2.1}% 4
\BOOKMARK [3][-]{subsubsection.2.1.2}{The FTP Client Module}{subsection.2.1}% 5
\BOOKMARK [2][-]{subsection.2.2}{Report of a successful download}{section.2}% 6
\BOOKMARK [1][-]{section.3}{Network Configuration and Analysis}{}% 7
\BOOKMARK [2][-]{subsection.3.1}{Experience 1 - Configure an IP network}{section.3}% 8
\BOOKMARK [2][-]{subsection.3.2}{Experience 2 - Implement two virtual LANs in a switch}{section.3}% 9
\BOOKMARK [2][-]{subsection.3.3}{Experience 3 - Configure a router in Linux}{section.3}% 10
\BOOKMARK [2][-]{subsection.3.4}{Experience 4 - Configure a Commercial Router and Implement NAT}{section.3}% 11
\BOOKMARK [2][-]{subsection.3.5}{Experience 5 - DNS}{section.3}% 12
\BOOKMARK [2][-]{subsection.3.6}{Experience 6 - TCP Connection}{section.3}% 13
\BOOKMARK [1][-]{section.4}{Conclusion}{}% 14
\BOOKMARK [1][-]{section*.4}{Appendices}{}% 15
\BOOKMARK [1][-]{Appendix.A}{Application Source code}{}% 16
\BOOKMARK [1][-]{Appendix.B}{Configuration commands}{}% 17
\BOOKMARK [2][-]{subsection.B.1}{Configure an IP network}{Appendix.B}% 18
\BOOKMARK [2][-]{subsection.B.2}{Implement two virtual LANs in a switch}{Appendix.B}% 19
\BOOKMARK [2][-]{subsection.B.3}{Configure a router in Linux}{Appendix.B}% 20
\BOOKMARK [2][-]{subsection.B.4}{Configure a router in Linux}{Appendix.B}% 21
\BOOKMARK [2][-]{subsection.B.5}{DNS}{Appendix.B}% 22
